[12-Mar-2026 16:52:55 Europe/Berlin] Dashboard API Error: SQLSTATE[HY000] [2002] No connection could be made because the target machine actively refused it - C:\xampp\htdocs\EER\config\db.php:22
[15-Mar-2026 06:16:14 Europe/Berlin] PHP Fatal error:  Uncaught Error: Call to undefined method Auth::isAdmin() in C:\xampp\htdocs\capstone_hr_management_system\engagement_relations\api\dashboard.php:45
Stack trace:
#0 {main}
  thrown in C:\xampp\htdocs\capstone_hr_management_system\engagement_relations\api\dashboard.php on line 45
[15-Mar-2026 06:16:44 Europe/Berlin] PHP Fatal error:  Uncaught Error: Call to undefined method Auth::isAdmin() in C:\xampp\htdocs\capstone_hr_management_system\engagement_relations\api\dashboard.php:45
Stack trace:
#0 {main}
  thrown in C:\xampp\htdocs\capstone_hr_management_system\engagement_relations\api\dashboard.php on line 45
[15-Mar-2026 06:17:14 Europe/Berlin] PHP Fatal error:  Uncaught Error: Call to undefined method Auth::isAdmin() in C:\xampp\htdocs\capstone_hr_management_system\engagement_relations\api\dashboard.php:45
Stack trace:
#0 {main}
  thrown in C:\xampp\htdocs\capstone_hr_management_system\engagement_relations\api\dashboard.php on line 45
[15-Mar-2026 06:17:45 Europe/Berlin] PHP Fatal error:  Uncaught Error: Call to undefined method Auth::isAdmin() in C:\xampp\htdocs\capstone_hr_management_system\engagement_relations\api\dashboard.php:45
Stack trace:
#0 {main}
  thrown in C:\xampp\htdocs\capstone_hr_management_system\engagement_relations\api\dashboard.php on line 45
[15-Mar-2026 06:18:15 Europe/Berlin] PHP Fatal error:  Uncaught Error: Call to undefined method Auth::isAdmin() in C:\xampp\htdocs\capstone_hr_management_system\engagement_relations\api\dashboard.php:45
Stack trace:
#0 {main}
  thrown in C:\xampp\htdocs\capstone_hr_management_system\engagement_relations\api\dashboard.php on line 45
[15-Mar-2026 06:18:45 Europe/Berlin] PHP Fatal error:  Uncaught Error: Call to undefined method Auth::isAdmin() in C:\xampp\htdocs\capstone_hr_management_system\engagement_relations\api\dashboard.php:45
Stack trace:
#0 {main}
  thrown in C:\xampp\htdocs\capstone_hr_management_system\engagement_relations\api\dashboard.php on line 45
[15-Mar-2026 06:19:15 Europe/Berlin] PHP Fatal error:  Uncaught Error: Call to undefined method Auth::isAdmin() in C:\xampp\htdocs\capstone_hr_management_system\engagement_relations\api\dashboard.php:45
Stack trace:
#0 {main}
  thrown in C:\xampp\htdocs\capstone_hr_management_system\engagement_relations\api\dashboard.php on line 45
[15-Mar-2026 06:20:29 Europe/Berlin] PHP Fatal error:  Uncaught Error: Call to undefined method Auth::isAdmin() in C:\xampp\htdocs\capstone_hr_management_system\engagement_relations\api\dashboard.php:45
Stack trace:
#0 {main}
  thrown in C:\xampp\htdocs\capstone_hr_management_system\engagement_relations\api\dashboard.php on line 45
[15-Mar-2026 06:21:29 Europe/Berlin] PHP Fatal error:  Uncaught Error: Call to undefined method Auth::isAdmin() in C:\xampp\htdocs\capstone_hr_management_system\engagement_relations\api\dashboard.php:45
Stack trace:
#0 {main}
  thrown in C:\xampp\htdocs\capstone_hr_management_system\engagement_relations\api\dashboard.php on line 45
[15-Mar-2026 06:22:29 Europe/Berlin] PHP Fatal error:  Uncaught Error: Call to undefined method Auth::isAdmin() in C:\xampp\htdocs\capstone_hr_management_system\engagement_relations\api\dashboard.php:45
Stack trace:
#0 {main}
  thrown in C:\xampp\htdocs\capstone_hr_management_system\engagement_relations\api\dashboard.php on line 45
[15-Mar-2026 06:23:29 Europe/Berlin] PHP Fatal error:  Uncaught Error: Call to undefined method Auth::isAdmin() in C:\xampp\htdocs\capstone_hr_management_system\engagement_relations\api\dashboard.php:45
Stack trace:
#0 {main}
  thrown in C:\xampp\htdocs\capstone_hr_management_system\engagement_relations\api\dashboard.php on line 45
[15-Mar-2026 06:24:29 Europe/Berlin] PHP Fatal error:  Uncaught Error: Call to undefined method Auth::isAdmin() in C:\xampp\htdocs\capstone_hr_management_system\engagement_relations\api\dashboard.php:45
Stack trace:
#0 {main}
  thrown in C:\xampp\htdocs\capstone_hr_management_system\engagement_relations\api\dashboard.php on line 45
[15-Mar-2026 06:25:29 Europe/Berlin] PHP Fatal error:  Uncaught Error: Call to undefined method Auth::isAdmin() in C:\xampp\htdocs\capstone_hr_management_system\engagement_relations\api\dashboard.php:45
Stack trace:
#0 {main}
  thrown in C:\xampp\htdocs\capstone_hr_management_system\engagement_relations\api\dashboard.php on line 45
[15-Mar-2026 06:26:29 Europe/Berlin] PHP Fatal error:  Uncaught Error: Call to undefined method Auth::isAdmin() in C:\xampp\htdocs\capstone_hr_management_system\engagement_relations\api\dashboard.php:45
Stack trace:
#0 {main}
  thrown in C:\xampp\htdocs\capstone_hr_management_system\engagement_relations\api\dashboard.php on line 45
[15-Mar-2026 06:27:29 Europe/Berlin] PHP Fatal error:  Uncaught Error: Call to undefined method Auth::isAdmin() in C:\xampp\htdocs\capstone_hr_management_system\engagement_relations\api\dashboard.php:45
Stack trace:
#0 {main}
  thrown in C:\xampp\htdocs\capstone_hr_management_system\engagement_relations\api\dashboard.php on line 45
[15-Mar-2026 06:28:29 Europe/Berlin] PHP Fatal error:  Uncaught Error: Call to undefined method Auth::isAdmin() in C:\xampp\htdocs\capstone_hr_management_system\engagement_relations\api\dashboard.php:45
Stack trace:
#0 {main}
  thrown in C:\xampp\htdocs\capstone_hr_management_system\engagement_relations\api\dashboard.php on line 45
[15-Mar-2026 06:29:29 Europe/Berlin] PHP Fatal error:  Uncaught Error: Call to undefined method Auth::isAdmin() in C:\xampp\htdocs\capstone_hr_management_system\engagement_relations\api\dashboard.php:45
Stack trace:
#0 {main}
  thrown in C:\xampp\htdocs\capstone_hr_management_system\engagement_relations\api\dashboard.php on line 45
[15-Mar-2026 06:29:31 Europe/Berlin] PHP Fatal error:  Uncaught Error: Call to undefined method Auth::isAdmin() in C:\xampp\htdocs\capstone_hr_management_system\engagement_relations\api\dashboard.php:45
Stack trace:
#0 {main}
  thrown in C:\xampp\htdocs\capstone_hr_management_system\engagement_relations\api\dashboard.php on line 45
[15-Mar-2026 07:54:35 Europe/Berlin] PHP Warning:  require_once(C:\xampp\htdocs\capstone_hr_management_system\engagement_relations\api/../middleware/Auth.php): Failed to open stream: No such file or directory in C:\xampp\htdocs\capstone_hr_management_system\engagement_relations\api\dashboard.php on line 14
[15-Mar-2026 07:54:35 Europe/Berlin] PHP Fatal error:  Uncaught Error: Failed opening required 'C:\xampp\htdocs\capstone_hr_management_system\engagement_relations\api/../middleware/Auth.php' (include_path='C:\xampp\php\PEAR') in C:\xampp\htdocs\capstone_hr_management_system\engagement_relations\api\dashboard.php:14
Stack trace:
#0 {main}
  thrown in C:\xampp\htdocs\capstone_hr_management_system\engagement_relations\api\dashboard.php on line 14
[15-Mar-2026 08:00:56 Europe/Berlin] PHP Warning:  require_once(C:\xampp\htdocs\capstone_hr_management_system\engagement_relations\api/../middleware/Auth.php): Failed to open stream: No such file or directory in C:\xampp\htdocs\capstone_hr_management_system\engagement_relations\api\dashboard.php on line 14
[15-Mar-2026 08:00:56 Europe/Berlin] PHP Fatal error:  Uncaught Error: Failed opening required 'C:\xampp\htdocs\capstone_hr_management_system\engagement_relations\api/../middleware/Auth.php' (include_path='C:\xampp\php\PEAR') in C:\xampp\htdocs\capstone_hr_management_system\engagement_relations\api\dashboard.php:14
Stack trace:
#0 {main}
  thrown in C:\xampp\htdocs\capstone_hr_management_system\engagement_relations\api\dashboard.php on line 14
[15-Mar-2026 08:01:26 Europe/Berlin] PHP Warning:  require_once(C:\xampp\htdocs\capstone_hr_management_system\engagement_relations\api/../middleware/Auth.php): Failed to open stream: No such file or directory in C:\xampp\htdocs\capstone_hr_management_system\engagement_relations\api\dashboard.php on line 14
[15-Mar-2026 08:01:26 Europe/Berlin] PHP Fatal error:  Uncaught Error: Failed opening required 'C:\xampp\htdocs\capstone_hr_management_system\engagement_relations\api/../middleware/Auth.php' (include_path='C:\xampp\php\PEAR') in C:\xampp\htdocs\capstone_hr_management_system\engagement_relations\api\dashboard.php:14
Stack trace:
#0 {main}
  thrown in C:\xampp\htdocs\capstone_hr_management_system\engagement_relations\api\dashboard.php on line 14
[15-Mar-2026 08:01:56 Europe/Berlin] PHP Warning:  require_once(C:\xampp\htdocs\capstone_hr_management_system\engagement_relations\api/../middleware/Auth.php): Failed to open stream: No such file or directory in C:\xampp\htdocs\capstone_hr_management_system\engagement_relations\api\dashboard.php on line 14
[15-Mar-2026 08:01:56 Europe/Berlin] PHP Fatal error:  Uncaught Error: Failed opening required 'C:\xampp\htdocs\capstone_hr_management_system\engagement_relations\api/../middleware/Auth.php' (include_path='C:\xampp\php\PEAR') in C:\xampp\htdocs\capstone_hr_management_system\engagement_relations\api\dashboard.php:14
Stack trace:
#0 {main}
  thrown in C:\xampp\htdocs\capstone_hr_management_system\engagement_relations\api\dashboard.php on line 14
[15-Mar-2026 08:27:42 Europe/Berlin] PHP Warning:  require_once(C:\xampp\htdocs\capstone_hr_management_system\engagement_relations\api/../middleware/Auth.php): Failed to open stream: No such file or directory in C:\xampp\htdocs\capstone_hr_management_system\engagement_relations\api\dashboard.php on line 14
[15-Mar-2026 08:27:42 Europe/Berlin] PHP Fatal error:  Uncaught Error: Failed opening required 'C:\xampp\htdocs\capstone_hr_management_system\engagement_relations\api/../middleware/Auth.php' (include_path='C:\xampp\php\PEAR') in C:\xampp\htdocs\capstone_hr_management_system\engagement_relations\api\dashboard.php:14
Stack trace:
#0 {main}
  thrown in C:\xampp\htdocs\capstone_hr_management_system\engagement_relations\api\dashboard.php on line 14
[15-Mar-2026 08:28:03 Europe/Berlin] PHP Warning:  require_once(C:\xampp\htdocs\capstone_hr_management_system\engagement_relations\api/../middleware/Auth.php): Failed to open stream: No such file or directory in C:\xampp\htdocs\capstone_hr_management_system\engagement_relations\api\dashboard.php on line 14
[15-Mar-2026 08:28:03 Europe/Berlin] PHP Fatal error:  Uncaught Error: Failed opening required 'C:\xampp\htdocs\capstone_hr_management_system\engagement_relations\api/../middleware/Auth.php' (include_path='C:\xampp\php\PEAR') in C:\xampp\htdocs\capstone_hr_management_system\engagement_relations\api\dashboard.php:14
Stack trace:
#0 {main}
  thrown in C:\xampp\htdocs\capstone_hr_management_system\engagement_relations\api\dashboard.php on line 14
[15-Mar-2026 08:28:24 Europe/Berlin] PHP Warning:  require_once(C:\xampp\htdocs\capstone_hr_management_system\engagement_relations\api/../middleware/Auth.php): Failed to open stream: No such file or directory in C:\xampp\htdocs\capstone_hr_management_system\engagement_relations\api\dashboard.php on line 14
[15-Mar-2026 08:28:24 Europe/Berlin] PHP Fatal error:  Uncaught Error: Failed opening required 'C:\xampp\htdocs\capstone_hr_management_system\engagement_relations\api/../middleware/Auth.php' (include_path='C:\xampp\php\PEAR') in C:\xampp\htdocs\capstone_hr_management_system\engagement_relations\api\dashboard.php:14
Stack trace:
#0 {main}
  thrown in C:\xampp\htdocs\capstone_hr_management_system\engagement_relations\api\dashboard.php on line 14
[15-Mar-2026 08:28:54 Europe/Berlin] PHP Warning:  require_once(C:\xampp\htdocs\capstone_hr_management_system\engagement_relations\api/../middleware/Auth.php): Failed to open stream: No such file or directory in C:\xampp\htdocs\capstone_hr_management_system\engagement_relations\api\dashboard.php on line 14
[15-Mar-2026 08:28:54 Europe/Berlin] PHP Fatal error:  Uncaught Error: Failed opening required 'C:\xampp\htdocs\capstone_hr_management_system\engagement_relations\api/../middleware/Auth.php' (include_path='C:\xampp\php\PEAR') in C:\xampp\htdocs\capstone_hr_management_system\engagement_relations\api\dashboard.php:14
Stack trace:
#0 {main}
  thrown in C:\xampp\htdocs\capstone_hr_management_system\engagement_relations\api\dashboard.php on line 14
[15-Mar-2026 08:29:24 Europe/Berlin] PHP Warning:  require_once(C:\xampp\htdocs\capstone_hr_management_system\engagement_relations\api/../middleware/Auth.php): Failed to open stream: No such file or directory in C:\xampp\htdocs\capstone_hr_management_system\engagement_relations\api\dashboard.php on line 14
[15-Mar-2026 08:29:24 Europe/Berlin] PHP Fatal error:  Uncaught Error: Failed opening required 'C:\xampp\htdocs\capstone_hr_management_system\engagement_relations\api/../middleware/Auth.php' (include_path='C:\xampp\php\PEAR') in C:\xampp\htdocs\capstone_hr_management_system\engagement_relations\api\dashboard.php:14
Stack trace:
#0 {main}
  thrown in C:\xampp\htdocs\capstone_hr_management_system\engagement_relations\api\dashboard.php on line 14
[15-Mar-2026 08:29:54 Europe/Berlin] PHP Warning:  require_once(C:\xampp\htdocs\capstone_hr_management_system\engagement_relations\api/../middleware/Auth.php): Failed to open stream: No such file or directory in C:\xampp\htdocs\capstone_hr_management_system\engagement_relations\api\dashboard.php on line 14
[15-Mar-2026 08:29:54 Europe/Berlin] PHP Fatal error:  Uncaught Error: Failed opening required 'C:\xampp\htdocs\capstone_hr_management_system\engagement_relations\api/../middleware/Auth.php' (include_path='C:\xampp\php\PEAR') in C:\xampp\htdocs\capstone_hr_management_system\engagement_relations\api\dashboard.php:14
Stack trace:
#0 {main}
  thrown in C:\xampp\htdocs\capstone_hr_management_system\engagement_relations\api\dashboard.php on line 14
[15-Mar-2026 08:30:24 Europe/Berlin] PHP Warning:  require_once(C:\xampp\htdocs\capstone_hr_management_system\engagement_relations\api/../middleware/Auth.php): Failed to open stream: No such file or directory in C:\xampp\htdocs\capstone_hr_management_system\engagement_relations\api\dashboard.php on line 14
[15-Mar-2026 08:30:24 Europe/Berlin] PHP Fatal error:  Uncaught Error: Failed opening required 'C:\xampp\htdocs\capstone_hr_management_system\engagement_relations\api/../middleware/Auth.php' (include_path='C:\xampp\php\PEAR') in C:\xampp\htdocs\capstone_hr_management_system\engagement_relations\api\dashboard.php:14
Stack trace:
#0 {main}
  thrown in C:\xampp\htdocs\capstone_hr_management_system\engagement_relations\api\dashboard.php on line 14
[15-Mar-2026 08:30:44 Europe/Berlin] PHP Warning:  require_once(C:\xampp\htdocs\capstone_hr_management_system\engagement_relations\api/../middleware/Auth.php): Failed to open stream: No such file or directory in C:\xampp\htdocs\capstone_hr_management_system\engagement_relations\api\dashboard.php on line 14
[15-Mar-2026 08:30:44 Europe/Berlin] PHP Fatal error:  Uncaught Error: Failed opening required 'C:\xampp\htdocs\capstone_hr_management_system\engagement_relations\api/../middleware/Auth.php' (include_path='C:\xampp\php\PEAR') in C:\xampp\htdocs\capstone_hr_management_system\engagement_relations\api\dashboard.php:14
Stack trace:
#0 {main}
  thrown in C:\xampp\htdocs\capstone_hr_management_system\engagement_relations\api\dashboard.php on line 14
[15-Mar-2026 08:31:54 Europe/Berlin] PHP Warning:  require_once(C:\xampp\htdocs\capstone_hr_management_system\engagement_relations\api/../middleware/Auth.php): Failed to open stream: No such file or directory in C:\xampp\htdocs\capstone_hr_management_system\engagement_relations\api\dashboard.php on line 14
[15-Mar-2026 08:31:54 Europe/Berlin] PHP Fatal error:  Uncaught Error: Failed opening required 'C:\xampp\htdocs\capstone_hr_management_system\engagement_relations\api/../middleware/Auth.php' (include_path='C:\xampp\php\PEAR') in C:\xampp\htdocs\capstone_hr_management_system\engagement_relations\api\dashboard.php:14
Stack trace:
#0 {main}
  thrown in C:\xampp\htdocs\capstone_hr_management_system\engagement_relations\api\dashboard.php on line 14
[15-Mar-2026 08:31:56 Europe/Berlin] PHP Warning:  require_once(C:\xampp\htdocs\capstone_hr_management_system\engagement_relations\api/../middleware/Auth.php): Failed to open stream: No such file or directory in C:\xampp\htdocs\capstone_hr_management_system\engagement_relations\api\dashboard.php on line 14
[15-Mar-2026 08:31:56 Europe/Berlin] PHP Fatal error:  Uncaught Error: Failed opening required 'C:\xampp\htdocs\capstone_hr_management_system\engagement_relations\api/../middleware/Auth.php' (include_path='C:\xampp\php\PEAR') in C:\xampp\htdocs\capstone_hr_management_system\engagement_relations\api\dashboard.php:14
Stack trace:
#0 {main}
  thrown in C:\xampp\htdocs\capstone_hr_management_system\engagement_relations\api\dashboard.php on line 14
[15-Mar-2026 08:32:26 Europe/Berlin] PHP Warning:  require_once(C:\xampp\htdocs\capstone_hr_management_system\engagement_relations\api/../middleware/Auth.php): Failed to open stream: No such file or directory in C:\xampp\htdocs\capstone_hr_management_system\engagement_relations\api\dashboard.php on line 14
[15-Mar-2026 08:32:26 Europe/Berlin] PHP Fatal error:  Uncaught Error: Failed opening required 'C:\xampp\htdocs\capstone_hr_management_system\engagement_relations\api/../middleware/Auth.php' (include_path='C:\xampp\php\PEAR') in C:\xampp\htdocs\capstone_hr_management_system\engagement_relations\api\dashboard.php:14
Stack trace:
#0 {main}
  thrown in C:\xampp\htdocs\capstone_hr_management_system\engagement_relations\api\dashboard.php on line 14
[15-Mar-2026 08:34:32 Europe/Berlin] PHP Warning:  require_once(C:\xampp\htdocs\capstone_hr_management_system\engagement_relations\api/../middleware/Auth.php): Failed to open stream: No such file or directory in C:\xampp\htdocs\capstone_hr_management_system\engagement_relations\api\dashboard.php on line 14
[15-Mar-2026 08:34:32 Europe/Berlin] PHP Fatal error:  Uncaught Error: Failed opening required 'C:\xampp\htdocs\capstone_hr_management_system\engagement_relations\api/../middleware/Auth.php' (include_path='C:\xampp\php\PEAR') in C:\xampp\htdocs\capstone_hr_management_system\engagement_relations\api\dashboard.php:14
Stack trace:
#0 {main}
  thrown in C:\xampp\htdocs\capstone_hr_management_system\engagement_relations\api\dashboard.php on line 14
[15-Mar-2026 08:35:02 Europe/Berlin] PHP Warning:  require_once(C:\xampp\htdocs\capstone_hr_management_system\engagement_relations\api/../middleware/Auth.php): Failed to open stream: No such file or directory in C:\xampp\htdocs\capstone_hr_management_system\engagement_relations\api\dashboard.php on line 14
[15-Mar-2026 08:35:02 Europe/Berlin] PHP Fatal error:  Uncaught Error: Failed opening required 'C:\xampp\htdocs\capstone_hr_management_system\engagement_relations\api/../middleware/Auth.php' (include_path='C:\xampp\php\PEAR') in C:\xampp\htdocs\capstone_hr_management_system\engagement_relations\api\dashboard.php:14
Stack trace:
#0 {main}
  thrown in C:\xampp\htdocs\capstone_hr_management_system\engagement_relations\api\dashboard.php on line 14
[15-Mar-2026 08:35:32 Europe/Berlin] PHP Warning:  require_once(C:\xampp\htdocs\capstone_hr_management_system\engagement_relations\api/../middleware/Auth.php): Failed to open stream: No such file or directory in C:\xampp\htdocs\capstone_hr_management_system\engagement_relations\api\dashboard.php on line 14
[15-Mar-2026 08:35:32 Europe/Berlin] PHP Fatal error:  Uncaught Error: Failed opening required 'C:\xampp\htdocs\capstone_hr_management_system\engagement_relations\api/../middleware/Auth.php' (include_path='C:\xampp\php\PEAR') in C:\xampp\htdocs\capstone_hr_management_system\engagement_relations\api\dashboard.php:14
Stack trace:
#0 {main}
  thrown in C:\xampp\htdocs\capstone_hr_management_system\engagement_relations\api\dashboard.php on line 14
[15-Mar-2026 08:36:02 Europe/Berlin] PHP Warning:  require_once(C:\xampp\htdocs\capstone_hr_management_system\engagement_relations\api/../middleware/Auth.php): Failed to open stream: No such file or directory in C:\xampp\htdocs\capstone_hr_management_system\engagement_relations\api\dashboard.php on line 14
[15-Mar-2026 08:36:02 Europe/Berlin] PHP Fatal error:  Uncaught Error: Failed opening required 'C:\xampp\htdocs\capstone_hr_management_system\engagement_relations\api/../middleware/Auth.php' (include_path='C:\xampp\php\PEAR') in C:\xampp\htdocs\capstone_hr_management_system\engagement_relations\api\dashboard.php:14
Stack trace:
#0 {main}
  thrown in C:\xampp\htdocs\capstone_hr_management_system\engagement_relations\api\dashboard.php on line 14
[15-Mar-2026 08:36:32 Europe/Berlin] PHP Warning:  require_once(C:\xampp\htdocs\capstone_hr_management_system\engagement_relations\api/../middleware/Auth.php): Failed to open stream: No such file or directory in C:\xampp\htdocs\capstone_hr_management_system\engagement_relations\api\dashboard.php on line 14
[15-Mar-2026 08:36:32 Europe/Berlin] PHP Fatal error:  Uncaught Error: Failed opening required 'C:\xampp\htdocs\capstone_hr_management_system\engagement_relations\api/../middleware/Auth.php' (include_path='C:\xampp\php\PEAR') in C:\xampp\htdocs\capstone_hr_management_system\engagement_relations\api\dashboard.php:14
Stack trace:
#0 {main}
  thrown in C:\xampp\htdocs\capstone_hr_management_system\engagement_relations\api\dashboard.php on line 14
[15-Mar-2026 08:37:02 Europe/Berlin] PHP Warning:  require_once(C:\xampp\htdocs\capstone_hr_management_system\engagement_relations\api/../middleware/Auth.php): Failed to open stream: No such file or directory in C:\xampp\htdocs\capstone_hr_management_system\engagement_relations\api\dashboard.php on line 14
[15-Mar-2026 08:37:02 Europe/Berlin] PHP Fatal error:  Uncaught Error: Failed opening required 'C:\xampp\htdocs\capstone_hr_management_system\engagement_relations\api/../middleware/Auth.php' (include_path='C:\xampp\php\PEAR') in C:\xampp\htdocs\capstone_hr_management_system\engagement_relations\api\dashboard.php:14
Stack trace:
#0 {main}
  thrown in C:\xampp\htdocs\capstone_hr_management_system\engagement_relations\api\dashboard.php on line 14
[15-Mar-2026 08:37:32 Europe/Berlin] PHP Warning:  require_once(C:\xampp\htdocs\capstone_hr_management_system\engagement_relations\api/../middleware/Auth.php): Failed to open stream: No such file or directory in C:\xampp\htdocs\capstone_hr_management_system\engagement_relations\api\dashboard.php on line 14
[15-Mar-2026 08:37:32 Europe/Berlin] PHP Fatal error:  Uncaught Error: Failed opening required 'C:\xampp\htdocs\capstone_hr_management_system\engagement_relations\api/../middleware/Auth.php' (include_path='C:\xampp\php\PEAR') in C:\xampp\htdocs\capstone_hr_management_system\engagement_relations\api\dashboard.php:14
Stack trace:
#0 {main}
  thrown in C:\xampp\htdocs\capstone_hr_management_system\engagement_relations\api\dashboard.php on line 14
[15-Mar-2026 09:21:36 Europe/Berlin] PHP Fatal error:  Uncaught Error: Call to undefined function getDefaultDashboard() in C:\xampp\htdocs\capstone_hr_management_system\engagement_relations\api\dashboard.php:56
Stack trace:
#0 {main}
  thrown in C:\xampp\htdocs\capstone_hr_management_system\engagement_relations\api\dashboard.php on line 56
